Using column name 'RD001' for vcf_filtered/RD001_homogenized_short.vcf.gz:RD001
Using column name 'RD002' for vcf_filtered/RD002_homogenized_short.vcf.gz:RD002
Using column name 'RD003' for vcf_filtered/RD003_homogenized_short.vcf.gz:RD003
Using column name 'RD004' for vcf_filtered/RD004_homogenized_short.vcf.gz:RD004
Using column name 'RD008' for vcf_filtered/RD008_homogenized_short.vcf.gz:RD008
Using column name 'RD009' for vcf_filtered/RD009_homogenized_short.vcf.gz:RD009
Using column name 'RD010' for vcf_filtered/RD010_homogenized_short.vcf.gz:RD010
Using column name 'RD011' for vcf_filtered/RD011_homogenized_short.vcf.gz:RD011
Using column name 'RD012' for vcf_filtered/RD012_homogenized_short.vcf.gz:RD012
Using column name 'RD013' for vcf_filtered/RD013_homogenized_short.vcf.gz:RD013
Using column name 'RD014' for vcf_filtered/RD014_homogenized_short.vcf.gz:RD014
Using column name 'RD015' for vcf_filtered/RD015_homogenized_short.vcf.gz:RD015
Using column name 'RD016' for vcf_filtered/RD016_homogenized_short.vcf.gz:RD016
Using column name 'RD017' for vcf_filtered/RD017_homogenized_short.vcf.gz:RD017
Using column name 'RD018' for vcf_filtered/RD018_homogenized_short.vcf.gz:RD018
Using column name 'RD019' for vcf_filtered/RD019_homogenized_short.vcf.gz:RD019
Using column name 'RD020' for vcf_filtered/RD020_homogenized_short.vcf.gz:RD020
Using column name 'RD021' for vcf_filtered/RD021_homogenized_short.vcf.gz:RD021
Using column name 'RD022' for vcf_filtered/RD022_homogenized_short.vcf.gz:RD022
Using column name 'RD025' for vcf_filtered/RD025_homogenized_short.vcf.gz:RD025
Using column name 'RD035' for vcf_filtered/RD035_homogenized_short.vcf.gz:RD035
Using column name 'RD036' for vcf_filtered/RD036_homogenized_short.vcf.gz:RD036
Using column name 'RD037' for vcf_filtered/RD037_homogenized_short.vcf.gz:RD037
Using column name 'RD038' for vcf_filtered/RD038_homogenized_short.vcf.gz:RD038
Using column name 'RD039' for vcf_filtered/RD039_homogenized_short.vcf.gz:RD039
Using column name 'RD040' for vcf_filtered/RD040_homogenized_short.vcf.gz:RD040
Using column name 'RD041' for vcf_filtered/RD041_homogenized_short.vcf.gz:RD041
Using column name 'RD042' for vcf_filtered/RD042_homogenized_short.vcf.gz:RD042
Using column name 'RD043' for vcf_filtered/RD043_homogenized_short.vcf.gz:RD043
Using column name 'RD044' for vcf_filtered/RD044_homogenized_short.vcf.gz:RD044
Using column name 'RD045' for vcf_filtered/RD045_homogenized_short.vcf.gz:RD045
Using column name 'RD046' for vcf_filtered/RD046_homogenized_short.vcf.gz:RD046
Using column name 'RD047' for vcf_filtered/RD047_homogenized_short.vcf.gz:RD047
Using column name 'RD048' for vcf_filtered/RD048_homogenized_short.vcf.gz:RD048
Using column name 'RD056' for vcf_filtered/RD056_homogenized_short.vcf.gz:RD056
Using column name 'RD057' for vcf_filtered/RD057_homogenized_short.vcf.gz:RD057
Using column name 'RD058' for vcf_filtered/RD058_homogenized_short.vcf.gz:RD058
Using column name 'RD059' for vcf_filtered/RD059_homogenized_short.vcf.gz:RD059
Using column name 'RD060' for vcf_filtered/RD060_homogenized_short.vcf.gz:RD060
Using column name 'RD061' for vcf_filtered/RD061_homogenized_short.vcf.gz:RD061
Using column name 'RD062' for vcf_filtered/RD062_homogenized_short.vcf.gz:RD062
Using column name 'RD063' for vcf_filtered/RD063_homogenized_short.vcf.gz:RD063
Using column name 'RD064' for vcf_filtered/RD064_homogenized_short.vcf.gz:RD064
Using column name 'RD065' for vcf_filtered/RD065_homogenized_short.vcf.gz:RD065
Using column name 'RD066' for vcf_filtered/RD066_homogenized_short.vcf.gz:RD066
Using column name 'RD079' for vcf_filtered/RD079_homogenized_short.vcf.gz:RD079
Using column name 'RD083' for vcf_filtered/RD083_homogenized_short.vcf.gz:RD083
Using column name 'RD084' for vcf_filtered/RD084_homogenized_short.vcf.gz:RD084
Using column name 'RD085' for vcf_filtered/RD085_homogenized_short.vcf.gz:RD085
Using column name 'RD086' for vcf_filtered/RD086_homogenized_short.vcf.gz:RD086
Using column name 'RD087' for vcf_filtered/RD087_homogenized_short.vcf.gz:RD087
Using column name 'RD088' for vcf_filtered/RD088_homogenized_short.vcf.gz:RD088
Using column name 'RD089' for vcf_filtered/RD089_homogenized_short.vcf.gz:RD089
Using column name 'RD091' for vcf_filtered/RD091_homogenized_short.vcf.gz:RD091
Using column name 'RD092' for vcf_filtered/RD092_homogenized_short.vcf.gz:RD092
Using column name 'RD093' for vcf_filtered/RD093_homogenized_short.vcf.gz:RD093
Using column name 'RD094' for vcf_filtered/RD094_homogenized_short.vcf.gz:RD094
Using column name 'RD095' for vcf_filtered/RD095_homogenized_short.vcf.gz:RD095
Using column name 'RD096' for vcf_filtered/RD096_homogenized_short.vcf.gz:RD096
Using column name 'RD097' for vcf_filtered/RD097_homogenized_short.vcf.gz:RD097
Using column name 'RD098' for vcf_filtered/RD098_homogenized_short.vcf.gz:RD098
Using column name 'RD099' for vcf_filtered/RD099_homogenized_short.vcf.gz:RD099
Using column name 'RD100' for vcf_filtered/RD100_homogenized_short.vcf.gz:RD100
Using column name 'RD101' for vcf_filtered/RD101_homogenized_short.vcf.gz:RD101
Using column name 'RD118' for vcf_filtered/RD118_homogenized_short.vcf.gz:RD118
Using column name 'RD119' for vcf_filtered/RD119_homogenized_short.vcf.gz:RD119
Using column name 'RD121' for vcf_filtered/RD121_homogenized_short.vcf.gz:RD121
Using column name 'RD122' for vcf_filtered/RD122_homogenized_short.vcf.gz:RD122
Using column name 'RD123' for vcf_filtered/RD123_homogenized_short.vcf.gz:RD123
Using column name 'RD124' for vcf_filtered/RD124_homogenized_short.vcf.gz:RD124
Using column name 'RD125' for vcf_filtered/RD125_homogenized_short.vcf.gz:RD125
Using column name 'RD126' for vcf_filtered/RD126_homogenized_short.vcf.gz:RD126
Using column name 'RD127' for vcf_filtered/RD127_homogenized_short.vcf.gz:RD127
Using column name 'RD129' for vcf_filtered/RD129_homogenized_short.vcf.gz:RD129
Using column name 'RD139' for vcf_filtered/RD139_homogenized_short.vcf.gz:RD139
Using column name 'RD140' for vcf_filtered/RD140_homogenized_short.vcf.gz:RD140
Using column name 'RD142' for vcf_filtered/RD142_homogenized_short.vcf.gz:RD142
Using column name 'RD144' for vcf_filtered/RD144_homogenized_short.vcf.gz:RD144
Using column name 'RD145' for vcf_filtered/RD145_homogenized_short.vcf.gz:RD145
Using column name 'RD146' for vcf_filtered/RD146_homogenized_short.vcf.gz:RD146
Using column name 'RD147' for vcf_filtered/RD147_homogenized_short.vcf.gz:RD147
Using column name 'RD149' for vcf_filtered/RD149_homogenized_short.vcf.gz:RD149
Using column name 'RD155' for vcf_filtered/RD155_homogenized_short.vcf.gz:RD155
Using column name 'RD156' for vcf_filtered/RD156_homogenized_short.vcf.gz:RD156
Using column name 'RD157' for vcf_filtered/RD157_homogenized_short.vcf.gz:RD157
Using column name 'RD158' for vcf_filtered/RD158_homogenized_short.vcf.gz:RD158
Using column name 'RD159' for vcf_filtered/RD159_homogenized_short.vcf.gz:RD159
Using column name 'RD160' for vcf_filtered/RD160_homogenized_short.vcf.gz:RD160
Using column name 'RD161' for vcf_filtered/RD161_homogenized_short.vcf.gz:RD161
Using column name 'RD162' for vcf_filtered/RD162_homogenized_short.vcf.gz:RD162
Using column name 'RD163' for vcf_filtered/RD163_homogenized_short.vcf.gz:RD163
Using column name 'RD164' for vcf_filtered/RD164_homogenized_short.vcf.gz:RD164
Using column name 'RD165' for vcf_filtered/RD165_homogenized_short.vcf.gz:RD165
Using column name 'RD166' for vcf_filtered/RD166_homogenized_short.vcf.gz:RD166
Using column name 'RD167' for vcf_filtered/RD167_homogenized_short.vcf.gz:RD167
Using column name 'RD168' for vcf_filtered/RD168_homogenized_short.vcf.gz:RD168
Using column name 'RD169' for vcf_filtered/RD169_homogenized_short.vcf.gz:RD169
Using column name 'RD170' for vcf_filtered/RD170_homogenized_short.vcf.gz:RD170
Using column name 'RD171' for vcf_filtered/RD171_homogenized_short.vcf.gz:RD171
Using column name 'RD172' for vcf_filtered/RD172_homogenized_short.vcf.gz:RD172
Using column name 'RD173' for vcf_filtered/RD173_homogenized_short.vcf.gz:RD173
Using column name 'RD174' for vcf_filtered/RD174_homogenized_short.vcf.gz:RD174
Using column name 'RD175' for vcf_filtered/RD175_homogenized_short.vcf.gz:RD175
Using column name 'RD176' for vcf_filtered/RD176_homogenized_short.vcf.gz:RD176
Using column name 'RD177' for vcf_filtered/RD177_homogenized_short.vcf.gz:RD177
Using column name 'RD178' for vcf_filtered/RD178_homogenized_short.vcf.gz:RD178
Using column name 'RD196' for vcf_filtered/RD196_homogenized_short.vcf.gz:RD196
Using column name 'RD197' for vcf_filtered/RD197_homogenized_short.vcf.gz:RD197
Using column name 'RD198' for vcf_filtered/RD198_homogenized_short.vcf.gz:RD198
Using column name 'RD199' for vcf_filtered/RD199_homogenized_short.vcf.gz:RD199
Using column name 'RD200' for vcf_filtered/RD200_homogenized_short.vcf.gz:RD200
Using column name 'RD201' for vcf_filtered/RD201_homogenized_short.vcf.gz:RD201
Using column name 'RD202' for vcf_filtered/RD202_homogenized_short.vcf.gz:RD202
Using column name 'RD203' for vcf_filtered/RD203_homogenized_short.vcf.gz:RD203
Using column name 'RD204' for vcf_filtered/RD204_homogenized_short.vcf.gz:RD204
Using column name 'RD205' for vcf_filtered/RD205_homogenized_short.vcf.gz:RD205
Using column name 'RD206' for vcf_filtered/RD206_homogenized_short.vcf.gz:RD206
Using column name 'RD207' for vcf_filtered/RD207_homogenized_short.vcf.gz:RD207
Using column name 'RD208' for vcf_filtered/RD208_homogenized_short.vcf.gz:RD208
Using column name 'RD209' for vcf_filtered/RD209_homogenized_short.vcf.gz:RD209
Using column name 'RD210' for vcf_filtered/RD210_homogenized_short.vcf.gz:RD210
Using column name 'RD212' for vcf_filtered/RD212_homogenized_short.vcf.gz:RD212
Using column name 'RD214' for vcf_filtered/RD214_homogenized_short.vcf.gz:RD214
Using column name 'RD215' for vcf_filtered/RD215_homogenized_short.vcf.gz:RD215
Using column name 'RD216' for vcf_filtered/RD216_homogenized_short.vcf.gz:RD216
Using column name 'RD217' for vcf_filtered/RD217_homogenized_short.vcf.gz:RD217
Using column name 'RD218' for vcf_filtered/RD218_homogenized_short.vcf.gz:RD218
Using column name 'RD219' for vcf_filtered/RD219_homogenized_short.vcf.gz:RD219
Using column name 'RD220' for vcf_filtered/RD220_homogenized_short.vcf.gz:RD220
Using column name 'RD221' for vcf_filtered/RD221_homogenized_short.vcf.gz:RD221
Using column name 'RD222' for vcf_filtered/RD222_homogenized_short.vcf.gz:RD222
The haplotype indexes in "0.6" do not match the ALT column .. 1:12851525 RD221

 at /usr/local/lib/perl5/5.24.0/Vcf.pm line 172, <__ANONIO__> line 46023.
	Vcf::throw(Vcf4_1=HASH(0x1a548d8), "The haplotype indexes in \"0.6\" do not match the ALT column .."...) called at /usr/local/lib/perl5/5.24.0/Vcf.pm line 1941
	VcfReader::parse_haplotype(Vcf4_1=HASH(0x1a548d8), HASH(0x1c8b240), "RD221") called at /usr/bin/vcf-merge line 477
	main::merge_vcf_files(HASH(0x1671100)) called at /usr/bin/vcf-merge line 12
Using column name 'RD001' for /users/xli6//projects/udn/process_vcf/vcf_combined/temp_filtered/RD001_homogenized_short.vcf.gz:RD001
Using column name 'RD002' for /users/xli6//projects/udn/process_vcf/vcf_combined/temp_filtered/RD002_homogenized_short.vcf.gz:RD002
Using column name 'RD003' for /users/xli6//projects/udn/process_vcf/vcf_combined/temp_filtered/RD003_homogenized_short.vcf.gz:RD003
Using column name 'RD004' for /users/xli6//projects/udn/process_vcf/vcf_combined/temp_filtered/RD004_homogenized_short.vcf.gz:RD004
Using column name 'RD008' for /users/xli6//projects/udn/process_vcf/vcf_combined/temp_filtered/RD008_homogenized_short.vcf.gz:RD008
Using column name 'RD009' for /users/xli6//projects/udn/process_vcf/vcf_combined/temp_filtered/RD009_homogenized_short.vcf.gz:RD009
Using column name 'RD010' for /users/xli6//projects/udn/process_vcf/vcf_combined/temp_filtered/RD010_homogenized_short.vcf.gz:RD010
Using column name 'RD011' for /users/xli6//projects/udn/process_vcf/vcf_combined/temp_filtered/RD011_homogenized_short.vcf.gz:RD011
Using column name 'RD012' for /users/xli6//projects/udn/process_vcf/vcf_combined/temp_filtered/RD012_homogenized_short.vcf.gz:RD012
Using column name 'RD013' for /users/xli6//projects/udn/process_vcf/vcf_combined/temp_filtered/RD013_homogenized_short.vcf.gz:RD013
Using column name 'RD014' for /users/xli6//projects/udn/process_vcf/vcf_combined/temp_filtered/RD014_homogenized_short.vcf.gz:RD014
Using column name 'RD015' for /users/xli6//projects/udn/process_vcf/vcf_combined/temp_filtered/RD015_homogenized_short.vcf.gz:RD015
Using column name 'RD016' for /users/xli6//projects/udn/process_vcf/vcf_combined/temp_filtered/RD016_homogenized_short.vcf.gz:RD016
Using column name 'RD017' for /users/xli6//projects/udn/process_vcf/vcf_combined/temp_filtered/RD017_homogenized_short.vcf.gz:RD017
Using column name 'RD018' for /users/xli6//projects/udn/process_vcf/vcf_combined/temp_filtered/RD018_homogenized_short.vcf.gz:RD018
Using column name 'RD019' for /users/xli6//projects/udn/process_vcf/vcf_combined/temp_filtered/RD019_homogenized_short.vcf.gz:RD019
Using column name 'RD020' for /users/xli6//projects/udn/process_vcf/vcf_combined/temp_filtered/RD020_homogenized_short.vcf.gz:RD020
Using column name 'RD021' for /users/xli6//projects/udn/process_vcf/vcf_combined/temp_filtered/RD021_homogenized_short.vcf.gz:RD021
Using column name 'RD022' for /users/xli6//projects/udn/process_vcf/vcf_combined/temp_filtered/RD022_homogenized_short.vcf.gz:RD022
Using column name 'RD025' for /users/xli6//projects/udn/process_vcf/vcf_combined/temp_filtered/RD025_homogenized_short.vcf.gz:RD025
Using column name 'RD035' for /users/xli6//projects/udn/process_vcf/vcf_combined/temp_filtered/RD035_homogenized_short.vcf.gz:RD035
Using column name 'RD036' for /users/xli6//projects/udn/process_vcf/vcf_combined/temp_filtered/RD036_homogenized_short.vcf.gz:RD036
Using column name 'RD037' for /users/xli6//projects/udn/process_vcf/vcf_combined/temp_filtered/RD037_homogenized_short.vcf.gz:RD037
Using column name 'RD038' for /users/xli6//projects/udn/process_vcf/vcf_combined/temp_filtered/RD038_homogenized_short.vcf.gz:RD038
Using column name 'RD039' for /users/xli6//projects/udn/process_vcf/vcf_combined/temp_filtered/RD039_homogenized_short.vcf.gz:RD039
Using column name 'RD040' for /users/xli6//projects/udn/process_vcf/vcf_combined/temp_filtered/RD040_homogenized_short.vcf.gz:RD040
Using column name 'RD041' for /users/xli6//projects/udn/process_vcf/vcf_combined/temp_filtered/RD041_homogenized_short.vcf.gz:RD041
Using column name 'RD042' for /users/xli6//projects/udn/process_vcf/vcf_combined/temp_filtered/RD042_homogenized_short.vcf.gz:RD042
Using column name 'RD043' for /users/xli6//projects/udn/process_vcf/vcf_combined/temp_filtered/RD043_homogenized_short.vcf.gz:RD043
Using column name 'RD044' for /users/xli6//projects/udn/process_vcf/vcf_combined/temp_filtered/RD044_homogenized_short.vcf.gz:RD044
Using column name 'RD045' for /users/xli6//projects/udn/process_vcf/vcf_combined/temp_filtered/RD045_homogenized_short.vcf.gz:RD045
Using column name 'RD046' for /users/xli6//projects/udn/process_vcf/vcf_combined/temp_filtered/RD046_homogenized_short.vcf.gz:RD046
Using column name 'RD047' for /users/xli6//projects/udn/process_vcf/vcf_combined/temp_filtered/RD047_homogenized_short.vcf.gz:RD047
Using column name 'RD048' for /users/xli6//projects/udn/process_vcf/vcf_combined/temp_filtered/RD048_homogenized_short.vcf.gz:RD048
Using column name 'RD056' for /users/xli6//projects/udn/process_vcf/vcf_combined/temp_filtered/RD056_homogenized_short.vcf.gz:RD056
Using column name 'RD057' for /users/xli6//projects/udn/process_vcf/vcf_combined/temp_filtered/RD057_homogenized_short.vcf.gz:RD057
Using column name 'RD058' for /users/xli6//projects/udn/process_vcf/vcf_combined/temp_filtered/RD058_homogenized_short.vcf.gz:RD058
Using column name 'RD059' for /users/xli6//projects/udn/process_vcf/vcf_combined/temp_filtered/RD059_homogenized_short.vcf.gz:RD059
Using column name 'RD060' for /users/xli6//projects/udn/process_vcf/vcf_combined/temp_filtered/RD060_homogenized_short.vcf.gz:RD060
Using column name 'RD061' for /users/xli6//projects/udn/process_vcf/vcf_combined/temp_filtered/RD061_homogenized_short.vcf.gz:RD061
Using column name 'RD062' for /users/xli6//projects/udn/process_vcf/vcf_combined/temp_filtered/RD062_homogenized_short.vcf.gz:RD062
Using column name 'RD063' for /users/xli6//projects/udn/process_vcf/vcf_combined/temp_filtered/RD063_homogenized_short.vcf.gz:RD063
Using column name 'RD064' for /users/xli6//projects/udn/process_vcf/vcf_combined/temp_filtered/RD064_homogenized_short.vcf.gz:RD064
Using column name 'RD065' for /users/xli6//projects/udn/process_vcf/vcf_combined/temp_filtered/RD065_homogenized_short.vcf.gz:RD065
Using column name 'RD066' for /users/xli6//projects/udn/process_vcf/vcf_combined/temp_filtered/RD066_homogenized_short.vcf.gz:RD066
Using column name 'RD079' for /users/xli6//projects/udn/process_vcf/vcf_combined/temp_filtered/RD079_homogenized_short.vcf.gz:RD079
Using column name 'RD083' for /users/xli6//projects/udn/process_vcf/vcf_combined/temp_filtered/RD083_homogenized_short.vcf.gz:RD083
Using column name 'RD084' for /users/xli6//projects/udn/process_vcf/vcf_combined/temp_filtered/RD084_homogenized_short.vcf.gz:RD084
Using column name 'RD085' for /users/xli6//projects/udn/process_vcf/vcf_combined/temp_filtered/RD085_homogenized_short.vcf.gz:RD085
Using column name 'RD086' for /users/xli6//projects/udn/process_vcf/vcf_combined/temp_filtered/RD086_homogenized_short.vcf.gz:RD086
Using column name 'RD087' for /users/xli6//projects/udn/process_vcf/vcf_combined/temp_filtered/RD087_homogenized_short.vcf.gz:RD087
Using column name 'RD088' for /users/xli6//projects/udn/process_vcf/vcf_combined/temp_filtered/RD088_homogenized_short.vcf.gz:RD088
Using column name 'RD089' for /users/xli6//projects/udn/process_vcf/vcf_combined/temp_filtered/RD089_homogenized_short.vcf.gz:RD089
Using column name 'RD091' for /users/xli6//projects/udn/process_vcf/vcf_combined/temp_filtered/RD091_homogenized_short.vcf.gz:RD091
Using column name 'RD092' for /users/xli6//projects/udn/process_vcf/vcf_combined/temp_filtered/RD092_homogenized_short.vcf.gz:RD092
Using column name 'RD093' for /users/xli6//projects/udn/process_vcf/vcf_combined/temp_filtered/RD093_homogenized_short.vcf.gz:RD093
Using column name 'RD094' for /users/xli6//projects/udn/process_vcf/vcf_combined/temp_filtered/RD094_homogenized_short.vcf.gz:RD094
Using column name 'RD095' for /users/xli6//projects/udn/process_vcf/vcf_combined/temp_filtered/RD095_homogenized_short.vcf.gz:RD095
Using column name 'RD096' for /users/xli6//projects/udn/process_vcf/vcf_combined/temp_filtered/RD096_homogenized_short.vcf.gz:RD096
Using column name 'RD097' for /users/xli6//projects/udn/process_vcf/vcf_combined/temp_filtered/RD097_homogenized_short.vcf.gz:RD097
Using column name 'RD098' for /users/xli6//projects/udn/process_vcf/vcf_combined/temp_filtered/RD098_homogenized_short.vcf.gz:RD098
Using column name 'RD099' for /users/xli6//projects/udn/process_vcf/vcf_combined/temp_filtered/RD099_homogenized_short.vcf.gz:RD099
Using column name 'RD100' for /users/xli6//projects/udn/process_vcf/vcf_combined/temp_filtered/RD100_homogenized_short.vcf.gz:RD100
Using column name 'RD101' for /users/xli6//projects/udn/process_vcf/vcf_combined/temp_filtered/RD101_homogenized_short.vcf.gz:RD101
Using column name 'RD118' for /users/xli6//projects/udn/process_vcf/vcf_combined/temp_filtered/RD118_homogenized_short.vcf.gz:RD118
Using column name 'RD119' for /users/xli6//projects/udn/process_vcf/vcf_combined/temp_filtered/RD119_homogenized_short.vcf.gz:RD119
Using column name 'RD121' for /users/xli6//projects/udn/process_vcf/vcf_combined/temp_filtered/RD121_homogenized_short.vcf.gz:RD121
Using column name 'RD122' for /users/xli6//projects/udn/process_vcf/vcf_combined/temp_filtered/RD122_homogenized_short.vcf.gz:RD122
Using column name 'RD123' for /users/xli6//projects/udn/process_vcf/vcf_combined/temp_filtered/RD123_homogenized_short.vcf.gz:RD123
Using column name 'RD124' for /users/xli6//projects/udn/process_vcf/vcf_combined/temp_filtered/RD124_homogenized_short.vcf.gz:RD124
Using column name 'RD125' for /users/xli6//projects/udn/process_vcf/vcf_combined/temp_filtered/RD125_homogenized_short.vcf.gz:RD125
Using column name 'RD126' for /users/xli6//projects/udn/process_vcf/vcf_combined/temp_filtered/RD126_homogenized_short.vcf.gz:RD126
Using column name 'RD127' for /users/xli6//projects/udn/process_vcf/vcf_combined/temp_filtered/RD127_homogenized_short.vcf.gz:RD127
Using column name 'RD129' for /users/xli6//projects/udn/process_vcf/vcf_combined/temp_filtered/RD129_homogenized_short.vcf.gz:RD129
Using column name 'RD139' for /users/xli6//projects/udn/process_vcf/vcf_combined/temp_filtered/RD139_homogenized_short.vcf.gz:RD139
Using column name 'RD140' for /users/xli6//projects/udn/process_vcf/vcf_combined/temp_filtered/RD140_homogenized_short.vcf.gz:RD140
Using column name 'RD142' for /users/xli6//projects/udn/process_vcf/vcf_combined/temp_filtered/RD142_homogenized_short.vcf.gz:RD142
Using column name 'RD144' for /users/xli6//projects/udn/process_vcf/vcf_combined/temp_filtered/RD144_homogenized_short.vcf.gz:RD144
Using column name 'RD145' for /users/xli6//projects/udn/process_vcf/vcf_combined/temp_filtered/RD145_homogenized_short.vcf.gz:RD145
Using column name 'RD146' for /users/xli6//projects/udn/process_vcf/vcf_combined/temp_filtered/RD146_homogenized_short.vcf.gz:RD146
Using column name 'RD147' for /users/xli6//projects/udn/process_vcf/vcf_combined/temp_filtered/RD147_homogenized_short.vcf.gz:RD147
Using column name 'RD149' for /users/xli6//projects/udn/process_vcf/vcf_combined/temp_filtered/RD149_homogenized_short.vcf.gz:RD149
Using column name 'RD155' for /users/xli6//projects/udn/process_vcf/vcf_combined/temp_filtered/RD155_homogenized_short.vcf.gz:RD155
Using column name 'RD156' for /users/xli6//projects/udn/process_vcf/vcf_combined/temp_filtered/RD156_homogenized_short.vcf.gz:RD156
Using column name 'RD157' for /users/xli6//projects/udn/process_vcf/vcf_combined/temp_filtered/RD157_homogenized_short.vcf.gz:RD157
Using column name 'RD158' for /users/xli6//projects/udn/process_vcf/vcf_combined/temp_filtered/RD158_homogenized_short.vcf.gz:RD158
Using column name 'RD159' for /users/xli6//projects/udn/process_vcf/vcf_combined/temp_filtered/RD159_homogenized_short.vcf.gz:RD159
Using column name 'RD160' for /users/xli6//projects/udn/process_vcf/vcf_combined/temp_filtered/RD160_homogenized_short.vcf.gz:RD160
Using column name 'RD161' for /users/xli6//projects/udn/process_vcf/vcf_combined/temp_filtered/RD161_homogenized_short.vcf.gz:RD161
Using column name 'RD162' for /users/xli6//projects/udn/process_vcf/vcf_combined/temp_filtered/RD162_homogenized_short.vcf.gz:RD162
Using column name 'RD163' for /users/xli6//projects/udn/process_vcf/vcf_combined/temp_filtered/RD163_homogenized_short.vcf.gz:RD163
Using column name 'RD164' for /users/xli6//projects/udn/process_vcf/vcf_combined/temp_filtered/RD164_homogenized_short.vcf.gz:RD164
Using column name 'RD165' for /users/xli6//projects/udn/process_vcf/vcf_combined/temp_filtered/RD165_homogenized_short.vcf.gz:RD165
Using column name 'RD166' for /users/xli6//projects/udn/process_vcf/vcf_combined/temp_filtered/RD166_homogenized_short.vcf.gz:RD166
Using column name 'RD167' for /users/xli6//projects/udn/process_vcf/vcf_combined/temp_filtered/RD167_homogenized_short.vcf.gz:RD167
Using column name 'RD168' for /users/xli6//projects/udn/process_vcf/vcf_combined/temp_filtered/RD168_homogenized_short.vcf.gz:RD168
Using column name 'RD169' for /users/xli6//projects/udn/process_vcf/vcf_combined/temp_filtered/RD169_homogenized_short.vcf.gz:RD169
Using column name 'RD170' for /users/xli6//projects/udn/process_vcf/vcf_combined/temp_filtered/RD170_homogenized_short.vcf.gz:RD170
Using column name 'RD171' for /users/xli6//projects/udn/process_vcf/vcf_combined/temp_filtered/RD171_homogenized_short.vcf.gz:RD171
Using column name 'RD172' for /users/xli6//projects/udn/process_vcf/vcf_combined/temp_filtered/RD172_homogenized_short.vcf.gz:RD172
Using column name 'RD173' for /users/xli6//projects/udn/process_vcf/vcf_combined/temp_filtered/RD173_homogenized_short.vcf.gz:RD173
Using column name 'RD174' for /users/xli6//projects/udn/process_vcf/vcf_combined/temp_filtered/RD174_homogenized_short.vcf.gz:RD174
Using column name 'RD175' for /users/xli6//projects/udn/process_vcf/vcf_combined/temp_filtered/RD175_homogenized_short.vcf.gz:RD175
Using column name 'RD176' for /users/xli6//projects/udn/process_vcf/vcf_combined/temp_filtered/RD176_homogenized_short.vcf.gz:RD176
Using column name 'RD177' for /users/xli6//projects/udn/process_vcf/vcf_combined/temp_filtered/RD177_homogenized_short.vcf.gz:RD177
Using column name 'RD178' for /users/xli6//projects/udn/process_vcf/vcf_combined/temp_filtered/RD178_homogenized_short.vcf.gz:RD178
Using column name 'RD196' for /users/xli6//projects/udn/process_vcf/vcf_combined/temp_filtered/RD196_homogenized_short.vcf.gz:RD196
Using column name 'RD197' for /users/xli6//projects/udn/process_vcf/vcf_combined/temp_filtered/RD197_homogenized_short.vcf.gz:RD197
Using column name 'RD198' for /users/xli6//projects/udn/process_vcf/vcf_combined/temp_filtered/RD198_homogenized_short.vcf.gz:RD198
Using column name 'RD199' for /users/xli6//projects/udn/process_vcf/vcf_combined/temp_filtered/RD199_homogenized_short.vcf.gz:RD199
Using column name 'RD200' for /users/xli6//projects/udn/process_vcf/vcf_combined/temp_filtered/RD200_homogenized_short.vcf.gz:RD200
Using column name 'RD201' for /users/xli6//projects/udn/process_vcf/vcf_combined/temp_filtered/RD201_homogenized_short.vcf.gz:RD201
Using column name 'RD202' for /users/xli6//projects/udn/process_vcf/vcf_combined/temp_filtered/RD202_homogenized_short.vcf.gz:RD202
Using column name 'RD203' for /users/xli6//projects/udn/process_vcf/vcf_combined/temp_filtered/RD203_homogenized_short.vcf.gz:RD203
Using column name 'RD204' for /users/xli6//projects/udn/process_vcf/vcf_combined/temp_filtered/RD204_homogenized_short.vcf.gz:RD204
Using column name 'RD205' for /users/xli6//projects/udn/process_vcf/vcf_combined/temp_filtered/RD205_homogenized_short.vcf.gz:RD205
Using column name 'RD206' for /users/xli6//projects/udn/process_vcf/vcf_combined/temp_filtered/RD206_homogenized_short.vcf.gz:RD206
Using column name 'RD207' for /users/xli6//projects/udn/process_vcf/vcf_combined/temp_filtered/RD207_homogenized_short.vcf.gz:RD207
Using column name 'RD208' for /users/xli6//projects/udn/process_vcf/vcf_combined/temp_filtered/RD208_homogenized_short.vcf.gz:RD208
Using column name 'RD209' for /users/xli6//projects/udn/process_vcf/vcf_combined/temp_filtered/RD209_homogenized_short.vcf.gz:RD209
Using column name 'RD210' for /users/xli6//projects/udn/process_vcf/vcf_combined/temp_filtered/RD210_homogenized_short.vcf.gz:RD210
Using column name 'RD212' for /users/xli6//projects/udn/process_vcf/vcf_combined/temp_filtered/RD212_homogenized_short.vcf.gz:RD212
Using column name 'RD214' for /users/xli6//projects/udn/process_vcf/vcf_combined/temp_filtered/RD214_homogenized_short.vcf.gz:RD214
Using column name 'RD215' for /users/xli6//projects/udn/process_vcf/vcf_combined/temp_filtered/RD215_homogenized_short.vcf.gz:RD215
Using column name 'RD216' for /users/xli6//projects/udn/process_vcf/vcf_combined/temp_filtered/RD216_homogenized_short.vcf.gz:RD216
Using column name 'RD217' for /users/xli6//projects/udn/process_vcf/vcf_combined/temp_filtered/RD217_homogenized_short.vcf.gz:RD217
Using column name 'RD218' for /users/xli6//projects/udn/process_vcf/vcf_combined/temp_filtered/RD218_homogenized_short.vcf.gz:RD218
Using column name 'RD219' for /users/xli6//projects/udn/process_vcf/vcf_combined/temp_filtered/RD219_homogenized_short.vcf.gz:RD219
Using column name 'RD220' for /users/xli6//projects/udn/process_vcf/vcf_combined/temp_filtered/RD220_homogenized_short.vcf.gz:RD220
Using column name 'RD221' for /users/xli6//projects/udn/process_vcf/vcf_combined/temp_filtered/RD221_homogenized_short_refiltered.vcf.gz:RD221
Using column name 'RD222' for /users/xli6//projects/udn/process_vcf/vcf_combined/temp_filtered/RD222_homogenized_short.vcf.gz:RD222

VCFtools - UNKNOWN
(C) Adam Auton and Anthony Marcketta 2009

Parameters as interpreted:
	--vcf [stdin]
	--freq
	--stdout

Using column name 'RD001' for /users/xli6//projects/udn/process_vcf/vcf_combined/temp_filtered/RD001_homogenized_short.vcf.gz:RD001
Using column name 'RD002' for /users/xli6//projects/udn/process_vcf/vcf_combined/temp_filtered/RD002_homogenized_short.vcf.gz:RD002
Using column name 'RD003' for /users/xli6//projects/udn/process_vcf/vcf_combined/temp_filtered/RD003_homogenized_short.vcf.gz:RD003
Using column name 'RD004' for /users/xli6//projects/udn/process_vcf/vcf_combined/temp_filtered/RD004_homogenized_short.vcf.gz:RD004
Using column name 'RD008' for /users/xli6//projects/udn/process_vcf/vcf_combined/temp_filtered/RD008_homogenized_short.vcf.gz:RD008
Using column name 'RD009' for /users/xli6//projects/udn/process_vcf/vcf_combined/temp_filtered/RD009_homogenized_short.vcf.gz:RD009
Using column name 'RD010' for /users/xli6//projects/udn/process_vcf/vcf_combined/temp_filtered/RD010_homogenized_short.vcf.gz:RD010
Using column name 'RD011' for /users/xli6//projects/udn/process_vcf/vcf_combined/temp_filtered/RD011_homogenized_short.vcf.gz:RD011
Using column name 'RD012' for /users/xli6//projects/udn/process_vcf/vcf_combined/temp_filtered/RD012_homogenized_short.vcf.gz:RD012
Using column name 'RD013' for /users/xli6//projects/udn/process_vcf/vcf_combined/temp_filtered/RD013_homogenized_short.vcf.gz:RD013
Using column name 'RD014' for /users/xli6//projects/udn/process_vcf/vcf_combined/temp_filtered/RD014_homogenized_short.vcf.gz:RD014
Using column name 'RD015' for /users/xli6//projects/udn/process_vcf/vcf_combined/temp_filtered/RD015_homogenized_short.vcf.gz:RD015
Using column name 'RD016' for /users/xli6//projects/udn/process_vcf/vcf_combined/temp_filtered/RD016_homogenized_short.vcf.gz:RD016
Using column name 'RD017' for /users/xli6//projects/udn/process_vcf/vcf_combined/temp_filtered/RD017_homogenized_short.vcf.gz:RD017
Using column name 'RD018' for /users/xli6//projects/udn/process_vcf/vcf_combined/temp_filtered/RD018_homogenized_short.vcf.gz:RD018
Using column name 'RD019' for /users/xli6//projects/udn/process_vcf/vcf_combined/temp_filtered/RD019_homogenized_short.vcf.gz:RD019
Using column name 'RD020' for /users/xli6//projects/udn/process_vcf/vcf_combined/temp_filtered/RD020_homogenized_short.vcf.gz:RD020
Using column name 'RD021' for /users/xli6//projects/udn/process_vcf/vcf_combined/temp_filtered/RD021_homogenized_short.vcf.gz:RD021
Using column name 'RD022' for /users/xli6//projects/udn/process_vcf/vcf_combined/temp_filtered/RD022_homogenized_short.vcf.gz:RD022
Using column name 'RD025' for /users/xli6//projects/udn/process_vcf/vcf_combined/temp_filtered/RD025_homogenized_short.vcf.gz:RD025
Using column name 'RD035' for /users/xli6//projects/udn/process_vcf/vcf_combined/temp_filtered/RD035_homogenized_short.vcf.gz:RD035
Using column name 'RD036' for /users/xli6//projects/udn/process_vcf/vcf_combined/temp_filtered/RD036_homogenized_short.vcf.gz:RD036
Using column name 'RD037' for /users/xli6//projects/udn/process_vcf/vcf_combined/temp_filtered/RD037_homogenized_short.vcf.gz:RD037
Using column name 'RD038' for /users/xli6//projects/udn/process_vcf/vcf_combined/temp_filtered/RD038_homogenized_short.vcf.gz:RD038
Using column name 'RD039' for /users/xli6//projects/udn/process_vcf/vcf_combined/temp_filtered/RD039_homogenized_short.vcf.gz:RD039
Using column name 'RD040' for /users/xli6//projects/udn/process_vcf/vcf_combined/temp_filtered/RD040_homogenized_short.vcf.gz:RD040
Using column name 'RD041' for /users/xli6//projects/udn/process_vcf/vcf_combined/temp_filtered/RD041_homogenized_short.vcf.gz:RD041
Using column name 'RD042' for /users/xli6//projects/udn/process_vcf/vcf_combined/temp_filtered/RD042_homogenized_short.vcf.gz:RD042
Using column name 'RD043' for /users/xli6//projects/udn/process_vcf/vcf_combined/temp_filtered/RD043_homogenized_short.vcf.gz:RD043
Using column name 'RD044' for /users/xli6//projects/udn/process_vcf/vcf_combined/temp_filtered/RD044_homogenized_short.vcf.gz:RD044
Using column name 'RD045' for /users/xli6//projects/udn/process_vcf/vcf_combined/temp_filtered/RD045_homogenized_short.vcf.gz:RD045
Using column name 'RD046' for /users/xli6//projects/udn/process_vcf/vcf_combined/temp_filtered/RD046_homogenized_short.vcf.gz:RD046
Using column name 'RD047' for /users/xli6//projects/udn/process_vcf/vcf_combined/temp_filtered/RD047_homogenized_short.vcf.gz:RD047
Using column name 'RD048' for /users/xli6//projects/udn/process_vcf/vcf_combined/temp_filtered/RD048_homogenized_short.vcf.gz:RD048
Using column name 'RD056' for /users/xli6//projects/udn/process_vcf/vcf_combined/temp_filtered/RD056_homogenized_short.vcf.gz:RD056
Using column name 'RD057' for /users/xli6//projects/udn/process_vcf/vcf_combined/temp_filtered/RD057_homogenized_short.vcf.gz:RD057
Using column name 'RD058' for /users/xli6//projects/udn/process_vcf/vcf_combined/temp_filtered/RD058_homogenized_short.vcf.gz:RD058
Using column name 'RD059' for /users/xli6//projects/udn/process_vcf/vcf_combined/temp_filtered/RD059_homogenized_short.vcf.gz:RD059
Using column name 'RD060' for /users/xli6//projects/udn/process_vcf/vcf_combined/temp_filtered/RD060_homogenized_short.vcf.gz:RD060
Using column name 'RD061' for /users/xli6//projects/udn/process_vcf/vcf_combined/temp_filtered/RD061_homogenized_short.vcf.gz:RD061
Using column name 'RD062' for /users/xli6//projects/udn/process_vcf/vcf_combined/temp_filtered/RD062_homogenized_short.vcf.gz:RD062
Using column name 'RD063' for /users/xli6//projects/udn/process_vcf/vcf_combined/temp_filtered/RD063_homogenized_short.vcf.gz:RD063
Using column name 'RD064' for /users/xli6//projects/udn/process_vcf/vcf_combined/temp_filtered/RD064_homogenized_short.vcf.gz:RD064
Using column name 'RD065' for /users/xli6//projects/udn/process_vcf/vcf_combined/temp_filtered/RD065_homogenized_short.vcf.gz:RD065
Using column name 'RD066' for /users/xli6//projects/udn/process_vcf/vcf_combined/temp_filtered/RD066_homogenized_short.vcf.gz:RD066
Using column name 'RD079' for /users/xli6//projects/udn/process_vcf/vcf_combined/temp_filtered/RD079_homogenized_short.vcf.gz:RD079
Using column name 'RD083' for /users/xli6//projects/udn/process_vcf/vcf_combined/temp_filtered/RD083_homogenized_short.vcf.gz:RD083
Using column name 'RD084' for /users/xli6//projects/udn/process_vcf/vcf_combined/temp_filtered/RD084_homogenized_short.vcf.gz:RD084
Using column name 'RD085' for /users/xli6//projects/udn/process_vcf/vcf_combined/temp_filtered/RD085_homogenized_short.vcf.gz:RD085
Using column name 'RD086' for /users/xli6//projects/udn/process_vcf/vcf_combined/temp_filtered/RD086_homogenized_short.vcf.gz:RD086
Using column name 'RD087' for /users/xli6//projects/udn/process_vcf/vcf_combined/temp_filtered/RD087_homogenized_short.vcf.gz:RD087
Using column name 'RD088' for /users/xli6//projects/udn/process_vcf/vcf_combined/temp_filtered/RD088_homogenized_short.vcf.gz:RD088
Using column name 'RD089' for /users/xli6//projects/udn/process_vcf/vcf_combined/temp_filtered/RD089_homogenized_short.vcf.gz:RD089
Using column name 'RD091' for /users/xli6//projects/udn/process_vcf/vcf_combined/temp_filtered/RD091_homogenized_short.vcf.gz:RD091
Using column name 'RD092' for /users/xli6//projects/udn/process_vcf/vcf_combined/temp_filtered/RD092_homogenized_short.vcf.gz:RD092
Using column name 'RD093' for /users/xli6//projects/udn/process_vcf/vcf_combined/temp_filtered/RD093_homogenized_short.vcf.gz:RD093
Using column name 'RD094' for /users/xli6//projects/udn/process_vcf/vcf_combined/temp_filtered/RD094_homogenized_short.vcf.gz:RD094
Using column name 'RD095' for /users/xli6//projects/udn/process_vcf/vcf_combined/temp_filtered/RD095_homogenized_short.vcf.gz:RD095
Using column name 'RD096' for /users/xli6//projects/udn/process_vcf/vcf_combined/temp_filtered/RD096_homogenized_short.vcf.gz:RD096
Using column name 'RD097' for /users/xli6//projects/udn/process_vcf/vcf_combined/temp_filtered/RD097_homogenized_short.vcf.gz:RD097
Using column name 'RD098' for /users/xli6//projects/udn/process_vcf/vcf_combined/temp_filtered/RD098_homogenized_short.vcf.gz:RD098
Using column name 'RD099' for /users/xli6//projects/udn/process_vcf/vcf_combined/temp_filtered/RD099_homogenized_short.vcf.gz:RD099
Using column name 'RD100' for /users/xli6//projects/udn/process_vcf/vcf_combined/temp_filtered/RD100_homogenized_short.vcf.gz:RD100
Using column name 'RD101' for /users/xli6//projects/udn/process_vcf/vcf_combined/temp_filtered/RD101_homogenized_short.vcf.gz:RD101
Using column name 'RD118' for /users/xli6//projects/udn/process_vcf/vcf_combined/temp_filtered/RD118_homogenized_short.vcf.gz:RD118
Using column name 'RD119' for /users/xli6//projects/udn/process_vcf/vcf_combined/temp_filtered/RD119_homogenized_short.vcf.gz:RD119
Using column name 'RD121' for /users/xli6//projects/udn/process_vcf/vcf_combined/temp_filtered/RD121_homogenized_short.vcf.gz:RD121
Using column name 'RD122' for /users/xli6//projects/udn/process_vcf/vcf_combined/temp_filtered/RD122_homogenized_short.vcf.gz:RD122
Using column name 'RD123' for /users/xli6//projects/udn/process_vcf/vcf_combined/temp_filtered/RD123_homogenized_short.vcf.gz:RD123
Using column name 'RD124' for /users/xli6//projects/udn/process_vcf/vcf_combined/temp_filtered/RD124_homogenized_short.vcf.gz:RD124
Using column name 'RD125' for /users/xli6//projects/udn/process_vcf/vcf_combined/temp_filtered/RD125_homogenized_short.vcf.gz:RD125
Using column name 'RD126' for /users/xli6//projects/udn/process_vcf/vcf_combined/temp_filtered/RD126_homogenized_short.vcf.gz:RD126
Using column name 'RD127' for /users/xli6//projects/udn/process_vcf/vcf_combined/temp_filtered/RD127_homogenized_short.vcf.gz:RD127
Using column name 'RD129' for /users/xli6//projects/udn/process_vcf/vcf_combined/temp_filtered/RD129_homogenized_short.vcf.gz:RD129
Using column name 'RD139' for /users/xli6//projects/udn/process_vcf/vcf_combined/temp_filtered/RD139_homogenized_short.vcf.gz:RD139
Using column name 'RD140' for /users/xli6//projects/udn/process_vcf/vcf_combined/temp_filtered/RD140_homogenized_short.vcf.gz:RD140
Using column name 'RD142' for /users/xli6//projects/udn/process_vcf/vcf_combined/temp_filtered/RD142_homogenized_short.vcf.gz:RD142
Using column name 'RD144' for /users/xli6//projects/udn/process_vcf/vcf_combined/temp_filtered/RD144_homogenized_short.vcf.gz:RD144
Using column name 'RD145' for /users/xli6//projects/udn/process_vcf/vcf_combined/temp_filtered/RD145_homogenized_short.vcf.gz:RD145
Using column name 'RD146' for /users/xli6//projects/udn/process_vcf/vcf_combined/temp_filtered/RD146_homogenized_short.vcf.gz:RD146
Using column name 'RD147' for /users/xli6//projects/udn/process_vcf/vcf_combined/temp_filtered/RD147_homogenized_short.vcf.gz:RD147
Using column name 'RD149' for /users/xli6//projects/udn/process_vcf/vcf_combined/temp_filtered/RD149_homogenized_short.vcf.gz:RD149
Using column name 'RD155' for /users/xli6//projects/udn/process_vcf/vcf_combined/temp_filtered/RD155_homogenized_short.vcf.gz:RD155
Using column name 'RD156' for /users/xli6//projects/udn/process_vcf/vcf_combined/temp_filtered/RD156_homogenized_short.vcf.gz:RD156
Using column name 'RD157' for /users/xli6//projects/udn/process_vcf/vcf_combined/temp_filtered/RD157_homogenized_short.vcf.gz:RD157
Using column name 'RD158' for /users/xli6//projects/udn/process_vcf/vcf_combined/temp_filtered/RD158_homogenized_short.vcf.gz:RD158
Using column name 'RD159' for /users/xli6//projects/udn/process_vcf/vcf_combined/temp_filtered/RD159_homogenized_short.vcf.gz:RD159
Using column name 'RD160' for /users/xli6//projects/udn/process_vcf/vcf_combined/temp_filtered/RD160_homogenized_short.vcf.gz:RD160
Using column name 'RD161' for /users/xli6//projects/udn/process_vcf/vcf_combined/temp_filtered/RD161_homogenized_short.vcf.gz:RD161
Using column name 'RD162' for /users/xli6//projects/udn/process_vcf/vcf_combined/temp_filtered/RD162_homogenized_short.vcf.gz:RD162
Using column name 'RD163' for /users/xli6//projects/udn/process_vcf/vcf_combined/temp_filtered/RD163_homogenized_short.vcf.gz:RD163
Using column name 'RD164' for /users/xli6//projects/udn/process_vcf/vcf_combined/temp_filtered/RD164_homogenized_short.vcf.gz:RD164
Using column name 'RD165' for /users/xli6//projects/udn/process_vcf/vcf_combined/temp_filtered/RD165_homogenized_short.vcf.gz:RD165
Using column name 'RD166' for /users/xli6//projects/udn/process_vcf/vcf_combined/temp_filtered/RD166_homogenized_short.vcf.gz:RD166
Using column name 'RD167' for /users/xli6//projects/udn/process_vcf/vcf_combined/temp_filtered/RD167_homogenized_short.vcf.gz:RD167
Using column name 'RD168' for /users/xli6//projects/udn/process_vcf/vcf_combined/temp_filtered/RD168_homogenized_short.vcf.gz:RD168
Using column name 'RD169' for /users/xli6//projects/udn/process_vcf/vcf_combined/temp_filtered/RD169_homogenized_short.vcf.gz:RD169
Using column name 'RD170' for /users/xli6//projects/udn/process_vcf/vcf_combined/temp_filtered/RD170_homogenized_short.vcf.gz:RD170
Using column name 'RD171' for /users/xli6//projects/udn/process_vcf/vcf_combined/temp_filtered/RD171_homogenized_short.vcf.gz:RD171
Using column name 'RD172' for /users/xli6//projects/udn/process_vcf/vcf_combined/temp_filtered/RD172_homogenized_short.vcf.gz:RD172
Using column name 'RD173' for /users/xli6//projects/udn/process_vcf/vcf_combined/temp_filtered/RD173_homogenized_short.vcf.gz:RD173
Using column name 'RD174' for /users/xli6//projects/udn/process_vcf/vcf_combined/temp_filtered/RD174_homogenized_short.vcf.gz:RD174
Using column name 'RD175' for /users/xli6//projects/udn/process_vcf/vcf_combined/temp_filtered/RD175_homogenized_short.vcf.gz:RD175
Using column name 'RD176' for /users/xli6//projects/udn/process_vcf/vcf_combined/temp_filtered/RD176_homogenized_short.vcf.gz:RD176
Using column name 'RD177' for /users/xli6//projects/udn/process_vcf/vcf_combined/temp_filtered/RD177_homogenized_short.vcf.gz:RD177
Using column name 'RD178' for /users/xli6//projects/udn/process_vcf/vcf_combined/temp_filtered/RD178_homogenized_short.vcf.gz:RD178
Using column name 'RD196' for /users/xli6//projects/udn/process_vcf/vcf_combined/temp_filtered/RD196_homogenized_short.vcf.gz:RD196
Using column name 'RD197' for /users/xli6//projects/udn/process_vcf/vcf_combined/temp_filtered/RD197_homogenized_short.vcf.gz:RD197
Using column name 'RD198' for /users/xli6//projects/udn/process_vcf/vcf_combined/temp_filtered/RD198_homogenized_short.vcf.gz:RD198
Using column name 'RD199' for /users/xli6//projects/udn/process_vcf/vcf_combined/temp_filtered/RD199_homogenized_short.vcf.gz:RD199
Using column name 'RD200' for /users/xli6//projects/udn/process_vcf/vcf_combined/temp_filtered/RD200_homogenized_short.vcf.gz:RD200
Using column name 'RD201' for /users/xli6//projects/udn/process_vcf/vcf_combined/temp_filtered/RD201_homogenized_short.vcf.gz:RD201
Using column name 'RD202' for /users/xli6//projects/udn/process_vcf/vcf_combined/temp_filtered/RD202_homogenized_short.vcf.gz:RD202
Using column name 'RD203' for /users/xli6//projects/udn/process_vcf/vcf_combined/temp_filtered/RD203_homogenized_short.vcf.gz:RD203
Using column name 'RD204' for /users/xli6//projects/udn/process_vcf/vcf_combined/temp_filtered/RD204_homogenized_short.vcf.gz:RD204
Using column name 'RD205' for /users/xli6//projects/udn/process_vcf/vcf_combined/temp_filtered/RD205_homogenized_short.vcf.gz:RD205
Using column name 'RD206' for /users/xli6//projects/udn/process_vcf/vcf_combined/temp_filtered/RD206_homogenized_short.vcf.gz:RD206
Using column name 'RD207' for /users/xli6//projects/udn/process_vcf/vcf_combined/temp_filtered/RD207_homogenized_short.vcf.gz:RD207
Using column name 'RD208' for /users/xli6//projects/udn/process_vcf/vcf_combined/temp_filtered/RD208_homogenized_short.vcf.gz:RD208
Using column name 'RD209' for /users/xli6//projects/udn/process_vcf/vcf_combined/temp_filtered/RD209_homogenized_short.vcf.gz:RD209
Using column name 'RD210' for /users/xli6//projects/udn/process_vcf/vcf_combined/temp_filtered/RD210_homogenized_short.vcf.gz:RD210
Using column name 'RD212' for /users/xli6//projects/udn/process_vcf/vcf_combined/temp_filtered/RD212_homogenized_short.vcf.gz:RD212
Using column name 'RD214' for /users/xli6//projects/udn/process_vcf/vcf_combined/temp_filtered/RD214_homogenized_short.vcf.gz:RD214
Using column name 'RD215' for /users/xli6//projects/udn/process_vcf/vcf_combined/temp_filtered/RD215_homogenized_short.vcf.gz:RD215
Using column name 'RD216' for /users/xli6//projects/udn/process_vcf/vcf_combined/temp_filtered/RD216_homogenized_short.vcf.gz:RD216
Using column name 'RD217' for /users/xli6//projects/udn/process_vcf/vcf_combined/temp_filtered/RD217_homogenized_short.vcf.gz:RD217
Using column name 'RD218' for /users/xli6//projects/udn/process_vcf/vcf_combined/temp_filtered/RD218_homogenized_short.vcf.gz:RD218
Using column name 'RD219' for /users/xli6//projects/udn/process_vcf/vcf_combined/temp_filtered/RD219_homogenized_short.vcf.gz:RD219
Using column name 'RD220' for /users/xli6//projects/udn/process_vcf/vcf_combined/temp_filtered/RD220_homogenized_short.vcf.gz:RD220
Using column name 'RD221' for /users/xli6//projects/udn/process_vcf/vcf_combined/temp_filtered/RD221_homogenized_short_refiltered.vcf.gz:RD221
Using column name 'RD222' for /users/xli6//projects/udn/process_vcf/vcf_combined/temp_filtered/RD222_homogenized_short.vcf.gz:RD222
After filtering, kept 131 out of 131 Individuals
Outputting Frequency Statistics...
After filtering, kept 25308102 out of a possible 25308102 Sites
Run Time = 33857.00 seconds
